Determining if the function sgemm_ exists failed with the following output:
Change Dir: /home/ghbot/ZED/zed-aruco/build-mono/CMakeFiles/CMakeTmp

Run Build Command(s):/usr/bin/make cmTC_9fbf9/fast && /usr/bin/make -f CMakeFiles/cmTC_9fbf9.dir/build.make CMakeFiles/cmTC_9fbf9.dir/build
make[1]: se entra en el directorio '/home/ghbot/ZED/zed-aruco/build-mono/CMakeFiles/CMakeTmp'
Building C object CMakeFiles/cmTC_9fbf9.dir/CheckFunctionExists.c.o
/usr/bin/cc   -DCHECK_FUNCTION_EXISTS=sgemm_   -o CMakeFiles/cmTC_9fbf9.dir/CheckFunctionExists.c.o   -c /usr/share/cmake-3.16/Modules/CheckFunctionExists.c
Linking C executable cmTC_9fbf9
/usr/bin/cmake -E cmake_link_script CMakeFiles/cmTC_9fbf9.dir/link.txt --verbose=1
/usr/bin/cc  -DCHECK_FUNCTION_EXISTS=sgemm_    CMakeFiles/cmTC_9fbf9.dir/CheckFunctionExists.c.o  -o cmTC_9fbf9 
/usr/bin/ld: CMakeFiles/cmTC_9fbf9.dir/CheckFunctionExists.c.o: en la función `main':
CheckFunctionExists.c:(.text+0x10): referencia a `sgemm_' sin definir
collect2: error: ld returned 1 exit status
make[1]: *** [CMakeFiles/cmTC_9fbf9.dir/build.make:87: cmTC_9fbf9] Error 1
make[1]: se sale del directorio '/home/ghbot/ZED/zed-aruco/build-mono/CMakeFiles/CMakeTmp'
make: *** [Makefile:121: cmTC_9fbf9/fast] Error 2



Performing C SOURCE FILE Test CMAKE_HAVE_LIBC_PTHREAD failed with the following output:
Change Dir: /home/ghbot/ZED/zed-aruco/build-mono/CMakeFiles/CMakeTmp

Run Build Command(s):/usr/bin/make cmTC_294e5/fast && /usr/bin/make -f CMakeFiles/cmTC_294e5.dir/build.make CMakeFiles/cmTC_294e5.dir/build
make[1]: se entra en el directorio '/home/ghbot/ZED/zed-aruco/build-mono/CMakeFiles/CMakeTmp'
Building C object CMakeFiles/cmTC_294e5.dir/src.c.o
/usr/bin/cc   -DCMAKE_HAVE_LIBC_PTHREAD   -o CMakeFiles/cmTC_294e5.dir/src.c.o   -c /home/ghbot/ZED/zed-aruco/build-mono/CMakeFiles/CMakeTmp/src.c
Linking C executable cmTC_294e5
/usr/bin/cmake -E cmake_link_script CMakeFiles/cmTC_294e5.dir/link.txt --verbose=1
/usr/bin/cc  -DCMAKE_HAVE_LIBC_PTHREAD    CMakeFiles/cmTC_294e5.dir/src.c.o  -o cmTC_294e5 
/usr/bin/ld: CMakeFiles/cmTC_294e5.dir/src.c.o: en la función `main':
src.c:(.text+0x48): referencia a `pthread_create' sin definir
/usr/bin/ld: src.c:(.text+0x50): referencia a `pthread_detach' sin definir
/usr/bin/ld: src.c:(.text+0x5c): referencia a `pthread_join' sin definir
collect2: error: ld returned 1 exit status
make[1]: *** [CMakeFiles/cmTC_294e5.dir/build.make:87: cmTC_294e5] Error 1
make[1]: se sale del directorio '/home/ghbot/ZED/zed-aruco/build-mono/CMakeFiles/CMakeTmp'
make: *** [Makefile:121: cmTC_294e5/fast] Error 2


Source file was:
#include <pthread.h>

void* test_func(void* data)
{
  return data;
}

int main(void)
{
  pthread_t thread;
  pthread_create(&thread, NULL, test_func, NULL);
  pthread_detach(thread);
  pthread_join(thread, NULL);
  pthread_atfork(NULL, NULL, NULL);
  pthread_exit(NULL);

  return 0;
}

Determining if the function pthread_create exists in the pthreads failed with the following output:
Change Dir: /home/ghbot/ZED/zed-aruco/build-mono/CMakeFiles/CMakeTmp

Run Build Command(s):/usr/bin/make cmTC_6265b/fast && /usr/bin/make -f CMakeFiles/cmTC_6265b.dir/build.make CMakeFiles/cmTC_6265b.dir/build
make[1]: se entra en el directorio '/home/ghbot/ZED/zed-aruco/build-mono/CMakeFiles/CMakeTmp'
Building C object CMakeFiles/cmTC_6265b.dir/CheckFunctionExists.c.o
/usr/bin/cc   -DCHECK_FUNCTION_EXISTS=pthread_create   -o CMakeFiles/cmTC_6265b.dir/CheckFunctionExists.c.o   -c /usr/share/cmake-3.16/Modules/CheckFunctionExists.c
Linking C executable cmTC_6265b
/usr/bin/cmake -E cmake_link_script CMakeFiles/cmTC_6265b.dir/link.txt --verbose=1
/usr/bin/cc  -DCHECK_FUNCTION_EXISTS=pthread_create    CMakeFiles/cmTC_6265b.dir/CheckFunctionExists.c.o  -o cmTC_6265b  -lpthreads 
/usr/bin/ld: no se puede encontrar -lpthreads
collect2: error: ld returned 1 exit status
make[1]: *** [CMakeFiles/cmTC_6265b.dir/build.make:87: cmTC_6265b] Error 1
make[1]: se sale del directorio '/home/ghbot/ZED/zed-aruco/build-mono/CMakeFiles/CMakeTmp'
make: *** [Makefile:121: cmTC_6265b/fast] Error 2



